2020-10-06 11:36:01,441 [Worker-5: Loading available Gradle versions] INFO  o.e.b.c.i.u.g.PublishedGradleVersions - Gradle version information cache is up-to-date. Trying to read.
2020-10-06 11:40:53,179 [Worker-3: Creating maven-archetype-quickstart] INFO  o.e.m.c.i.p.ProjectConfigurationManager - Collecting project info '/pom.xml' C:\Users\prashant\Desktop\week1\day11\dummyproject\pom.xml
2020-10-06 11:40:58,259 [Worker-3: Creating maven-archetype-quickstart] INFO  o.e.m.c.i.l.LifecycleMappingFactory - Using org.eclipse.m2e.jdt.JarLifecycleMapping lifecycle mapping for MavenProject: com:dummyproject:0.0.1-SNAPSHOT @ C:\Users\prashant\Desktop\week1\day11\dummyproject\pom.xml.
2020-10-06 11:41:00,564 [Worker-3: Creating maven-archetype-quickstart] INFO  o.e.m.j.i.AbstractJavaProjectConfigurator - Adding source folder /dummyproject/src/main/java
2020-10-06 11:41:00,699 [Worker-3: Creating maven-archetype-quickstart] INFO  o.e.m.j.i.AbstractJavaProjectConfigurator - Adding source folder /dummyproject/src/test/java
2020-10-06 11:41:01,790 [Worker-3: Creating maven-archetype-quickstart] INFO  o.e.m.c.i.p.ProjectConfigurationManager - Imported and configured 1 project(s) in 8 sec
2020-10-06 11:41:04,489 [Worker-13: Building] INFO  o.e.m.c.i.embedder.EclipseLogger - Using 'UTF-8' encoding to copy filtered resources.
2020-10-06 11:41:04,490 [Worker-13: Building] INFO  o.e.m.c.i.embedder.EclipseLogger - skip non existing resourceDirectory C:\Users\prashant\Desktop\week1\day11\dummyproject\src\main\resources
2020-10-06 11:41:04,493 [Worker-13: Building] INFO  o.e.m.c.i.embedder.EclipseLogger - Using 'UTF-8' encoding to copy filtered resources.
2020-10-06 11:41:04,493 [Worker-13: Building] INFO  o.e.m.c.i.embedder.EclipseLogger - skip non existing resourceDirectory C:\Users\prashant\Desktop\week1\day11\dummyproject\src\test\resources
2020-10-06 11:41:41,571 [Worker-14: Building] INFO  o.e.m.c.i.embedder.EclipseLogger - Using 'UTF-8' encoding to copy filtered resources.
2020-10-06 11:41:41,572 [Worker-14: Building] INFO  o.e.m.c.i.embedder.EclipseLogger - skip non existing resourceDirectory C:\Users\prashant\Desktop\week1\day11\dummyproject\src\main\resources
2020-10-06 11:41:41,575 [Worker-14: Building] INFO  o.e.m.c.i.embedder.EclipseLogger - Using 'UTF-8' encoding to copy filtered resources.
2020-10-06 11:41:41,576 [Worker-14: Building] INFO  o.e.m.c.i.embedder.EclipseLogger - skip non existing resourceDirectory C:\Users\prashant\Desktop\week1\day11\dummyproject\src\test\resources
2020-10-06 11:41:42,604 [Worker-14: Building] INFO  o.e.m.c.i.embedder.EclipseLogger - Using 'UTF-8' encoding to copy filtered resources.
2020-10-06 11:41:42,604 [Worker-14: Building] INFO  o.e.m.c.i.embedder.EclipseLogger - skip non existing resourceDirectory C:\Users\prashant\Desktop\week1\day11\dummyproject\src\main\resources
2020-10-06 11:41:42,608 [Worker-14: Building] INFO  o.e.m.c.i.embedder.EclipseLogger - Using 'UTF-8' encoding to copy filtered resources.
2020-10-06 11:41:42,608 [Worker-14: Building] INFO  o.e.m.c.i.embedder.EclipseLogger - skip non existing resourceDirectory C:\Users\prashant\Desktop\week1\day11\dummyproject\src\test\resources
2020-10-06 11:46:05,016 [Worker-13: Launching PrintArray] INFO  o.e.m.c.i.embedder.EclipseLogger - Using 'UTF-8' encoding to copy filtered resources.
2020-10-06 11:46:05,016 [Worker-13: Launching PrintArray] INFO  o.e.m.c.i.embedder.EclipseLogger - skip non existing resourceDirectory C:\Users\prashant\Desktop\week1\day11\dummyproject\src\main\resources
2020-10-06 11:46:05,019 [Worker-13: Launching PrintArray] INFO  o.e.m.c.i.embedder.EclipseLogger - Using 'UTF-8' encoding to copy filtered resources.
2020-10-06 11:46:05,019 [Worker-13: Launching PrintArray] INFO  o.e.m.c.i.embedder.EclipseLogger - skip non existing resourceDirectory C:\Users\prashant\Desktop\week1\day11\dummyproject\src\test\resources
2020-10-06 12:31:12,477 [Worker-18: Launching PrintArray] INFO  o.e.m.c.i.embedder.EclipseLogger - Using 'UTF-8' encoding to copy filtered resources.
2020-10-06 12:31:12,478 [Worker-18: Launching PrintArray] INFO  o.e.m.c.i.embedder.EclipseLogger - skip non existing resourceDirectory C:\Users\prashant\Desktop\week1\day11\dummyproject\src\main\resources
2020-10-06 12:31:12,481 [Worker-18: Launching PrintArray] INFO  o.e.m.c.i.embedder.EclipseLogger - Using 'UTF-8' encoding to copy filtered resources.
2020-10-06 12:31:12,481 [Worker-18: Launching PrintArray] INFO  o.e.m.c.i.embedder.EclipseLogger - skip non existing resourceDirectory C:\Users\prashant\Desktop\week1\day11\dummyproject\src\test\resources
2020-10-06 12:31:52,251 [Worker-15: Building] INFO  o.e.m.c.i.embedder.EclipseLogger - Using 'UTF-8' encoding to copy filtered resources.
2020-10-06 12:31:52,252 [Worker-15: Building] INFO  o.e.m.c.i.embedder.EclipseLogger - skip non existing resourceDirectory C:\Users\prashant\Desktop\week1\day11\dummyproject\src\main\resources
2020-10-06 12:31:52,256 [Worker-15: Building] INFO  o.e.m.c.i.embedder.EclipseLogger - Using 'UTF-8' encoding to copy filtered resources.
2020-10-06 12:31:52,257 [Worker-15: Building] INFO  o.e.m.c.i.embedder.EclipseLogger - skip non existing resourceDirectory C:\Users\prashant\Desktop\week1\day11\dummyproject\src\test\resources
2020-10-06 12:39:08,153 [Worker-23: Launching PrintMyArray] INFO  o.e.m.c.i.embedder.EclipseLogger - Using 'UTF-8' encoding to copy filtered resources.
2020-10-06 12:39:08,153 [Worker-23: Launching PrintMyArray] INFO  o.e.m.c.i.embedder.EclipseLogger - skip non existing resourceDirectory C:\Users\prashant\Desktop\week1\day11\dummyproject\src\main\resources
2020-10-06 12:39:08,156 [Worker-23: Launching PrintMyArray] INFO  o.e.m.c.i.embedder.EclipseLogger - Using 'UTF-8' encoding to copy filtered resources.
2020-10-06 12:39:08,157 [Worker-23: Launching PrintMyArray] INFO  o.e.m.c.i.embedder.EclipseLogger - skip non existing resourceDirectory C:\Users\prashant\Desktop\week1\day11\dummyproject\src\test\resources
2020-10-06 12:40:02,853 [Worker-16: Launching PrintMyArray] INFO  o.e.m.c.i.embedder.EclipseLogger - Using 'UTF-8' encoding to copy filtered resources.
2020-10-06 12:40:02,854 [Worker-16: Launching PrintMyArray] INFO  o.e.m.c.i.embedder.EclipseLogger - skip non existing resourceDirectory C:\Users\prashant\Desktop\week1\day11\dummyproject\src\main\resources
2020-10-06 12:40:02,862 [Worker-16: Launching PrintMyArray] INFO  o.e.m.c.i.embedder.EclipseLogger - Using 'UTF-8' encoding to copy filtered resources.
2020-10-06 12:40:02,863 [Worker-16: Launching PrintMyArray] INFO  o.e.m.c.i.embedder.EclipseLogger - skip non existing resourceDirectory C:\Users\prashant\Desktop\week1\day11\dummyproject\src\test\resources
2020-10-06 13:02:47,860 [Worker-28: Building] INFO  o.e.m.c.i.embedder.EclipseLogger - Using 'UTF-8' encoding to copy filtered resources.
2020-10-06 13:02:47,861 [Worker-28: Building] INFO  o.e.m.c.i.embedder.EclipseLogger - skip non existing resourceDirectory C:\Users\prashant\Desktop\week1\day11\dummyproject\src\main\resources
2020-10-06 13:02:47,865 [Worker-28: Building] INFO  o.e.m.c.i.embedder.EclipseLogger - Using 'UTF-8' encoding to copy filtered resources.
2020-10-06 13:02:47,865 [Worker-28: Building] INFO  o.e.m.c.i.embedder.EclipseLogger - skip non existing resourceDirectory C:\Users\prashant\Desktop\week1\day11\dummyproject\src\test\resources
2020-10-06 13:07:05,860 [Worker-25: Building] INFO  o.e.m.c.i.embedder.EclipseLogger - Using 'UTF-8' encoding to copy filtered resources.
2020-10-06 13:07:05,860 [Worker-25: Building] INFO  o.e.m.c.i.embedder.EclipseLogger - skip non existing resourceDirectory C:\Users\prashant\Desktop\week1\day11\dummyproject\src\main\resources
2020-10-06 13:07:05,863 [Worker-25: Building] INFO  o.e.m.c.i.embedder.EclipseLogger - Using 'UTF-8' encoding to copy filtered resources.
2020-10-06 13:07:05,863 [Worker-25: Building] INFO  o.e.m.c.i.embedder.EclipseLogger - skip non existing resourceDirectory C:\Users\prashant\Desktop\week1\day11\dummyproject\src\test\resources
2020-10-06 13:14:23,195 [Worker-30: Launching MaxIntegerTest] INFO  o.e.m.c.i.embedder.EclipseLogger - Using 'UTF-8' encoding to copy filtered resources.
2020-10-06 13:14:23,197 [Worker-30: Launching MaxIntegerTest] INFO  o.e.m.c.i.embedder.EclipseLogger - skip non existing resourceDirectory C:\Users\prashant\Desktop\week1\day11\dummyproject\src\main\resources
2020-10-06 13:14:23,200 [Worker-30: Launching MaxIntegerTest] INFO  o.e.m.c.i.embedder.EclipseLogger - Using 'UTF-8' encoding to copy filtered resources.
2020-10-06 13:14:23,200 [Worker-30: Launching MaxIntegerTest] INFO  o.e.m.c.i.embedder.EclipseLogger - skip non existing resourceDirectory C:\Users\prashant\Desktop\week1\day11\dummyproject\src\test\resources
2020-10-06 13:50:41,824 [Worker-41: Launching MaxIntegerTest.maxCheckForSecondPosition] INFO  o.e.m.c.i.embedder.EclipseLogger - Using 'UTF-8' encoding to copy filtered resources.
2020-10-06 13:50:41,824 [Worker-41: Launching MaxIntegerTest.maxCheckForSecondPosition] INFO  o.e.m.c.i.embedder.EclipseLogger - skip non existing resourceDirectory C:\Users\prashant\Desktop\week1\day11\dummyproject\src\main\resources
2020-10-06 13:50:41,827 [Worker-41: Launching MaxIntegerTest.maxCheckForSecondPosition] INFO  o.e.m.c.i.embedder.EclipseLogger - Using 'UTF-8' encoding to copy filtered resources.
2020-10-06 13:50:41,827 [Worker-41: Launching MaxIntegerTest.maxCheckForSecondPosition] INFO  o.e.m.c.i.embedder.EclipseLogger - skip non existing resourceDirectory C:\Users\prashant\Desktop\week1\day11\dummyproject\src\test\resources
2020-10-06 14:03:03,307 [Worker-44: Building] INFO  o.e.m.c.i.embedder.EclipseLogger - Using 'UTF-8' encoding to copy filtered resources.
2020-10-06 14:03:03,308 [Worker-44: Building] INFO  o.e.m.c.i.embedder.EclipseLogger - skip non existing resourceDirectory C:\Users\prashant\Desktop\week1\day11\dummyproject\src\main\resources
2020-10-06 14:03:03,310 [Worker-44: Building] INFO  o.e.m.c.i.embedder.EclipseLogger - Using 'UTF-8' encoding to copy filtered resources.
2020-10-06 14:03:03,310 [Worker-44: Building] INFO  o.e.m.c.i.embedder.EclipseLogger - skip non existing resourceDirectory C:\Users\prashant\Desktop\week1\day11\dummyproject\src\test\resources
2020-10-06 14:04:23,411 [Worker-38: Building] INFO  o.e.m.c.i.embedder.EclipseLogger - Using 'UTF-8' encoding to copy filtered resources.
2020-10-06 14:04:23,412 [Worker-38: Building] INFO  o.e.m.c.i.embedder.EclipseLogger - skip non existing resourceDirectory C:\Users\prashant\Desktop\week1\day11\dummyproject\src\main\resources
2020-10-06 14:04:23,413 [Worker-38: Building] INFO  o.e.m.c.i.embedder.EclipseLogger - Using 'UTF-8' encoding to copy filtered resources.
2020-10-06 14:04:23,414 [Worker-38: Building] INFO  o.e.m.c.i.embedder.EclipseLogger - skip non existing resourceDirectory C:\Users\prashant\Desktop\week1\day11\dummyproject\src\test\resources
2020-10-06 14:04:27,478 [Worker-47: Building] INFO  o.e.m.c.i.embedder.EclipseLogger - Using 'UTF-8' encoding to copy filtered resources.
2020-10-06 14:04:27,479 [Worker-47: Building] INFO  o.e.m.c.i.embedder.EclipseLogger - skip non existing resourceDirectory C:\Users\prashant\Desktop\week1\day11\dummyproject\src\main\resources
2020-10-06 14:04:27,481 [Worker-47: Building] INFO  o.e.m.c.i.embedder.EclipseLogger - Using 'UTF-8' encoding to copy filtered resources.
2020-10-06 14:04:27,481 [Worker-47: Building] INFO  o.e.m.c.i.embedder.EclipseLogger - skip non existing resourceDirectory C:\Users\prashant\Desktop\week1\day11\dummyproject\src\test\resources
2020-10-06 14:07:59,100 [Worker-48: Building] INFO  o.e.m.c.i.embedder.EclipseLogger - Using 'UTF-8' encoding to copy filtered resources.
2020-10-06 14:07:59,100 [Worker-48: Building] INFO  o.e.m.c.i.embedder.EclipseLogger - skip non existing resourceDirectory C:\Users\prashant\Desktop\week1\day11\dummyproject\src\main\resources
2020-10-06 14:07:59,104 [Worker-48: Building] INFO  o.e.m.c.i.embedder.EclipseLogger - Using 'UTF-8' encoding to copy filtered resources.
2020-10-06 14:07:59,104 [Worker-48: Building] INFO  o.e.m.c.i.embedder.EclipseLogger - skip non existing resourceDirectory C:\Users\prashant\Desktop\week1\day11\dummyproject\src\test\resources
2020-10-06 14:28:57,248 [Worker-54: Launching MaxIntegerTest] INFO  o.e.m.c.i.embedder.EclipseLogger - Using 'UTF-8' encoding to copy filtered resources.
2020-10-06 14:28:57,249 [Worker-54: Launching MaxIntegerTest] INFO  o.e.m.c.i.embedder.EclipseLogger - skip non existing resourceDirectory C:\Users\prashant\Desktop\week1\day11\dummyproject\src\main\resources
2020-10-06 14:28:57,251 [Worker-54: Launching MaxIntegerTest] INFO  o.e.m.c.i.embedder.EclipseLogger - Using 'UTF-8' encoding to copy filtered resources.
2020-10-06 14:28:57,252 [Worker-54: Launching MaxIntegerTest] INFO  o.e.m.c.i.embedder.EclipseLogger - skip non existing resourceDirectory C:\Users\prashant\Desktop\week1\day11\dummyproject\src\test\resources
2020-10-06 14:29:26,909 [Worker-57: Launching MaxIntegerTest] INFO  o.e.m.c.i.embedder.EclipseLogger - Using 'UTF-8' encoding to copy filtered resources.
2020-10-06 14:29:26,909 [Worker-57: Launching MaxIntegerTest] INFO  o.e.m.c.i.embedder.EclipseLogger - skip non existing resourceDirectory C:\Users\prashant\Desktop\week1\day11\dummyproject\src\main\resources
2020-10-06 14:29:26,911 [Worker-57: Launching MaxIntegerTest] INFO  o.e.m.c.i.embedder.EclipseLogger - Using 'UTF-8' encoding to copy filtered resources.
2020-10-06 14:29:26,912 [Worker-57: Launching MaxIntegerTest] INFO  o.e.m.c.i.embedder.EclipseLogger - skip non existing resourceDirectory C:\Users\prashant\Desktop\week1\day11\dummyproject\src\test\resources
2020-10-06 14:31:50,850 [Worker-57: Launching MaxIntegerTest] INFO  o.e.m.c.i.embedder.EclipseLogger - Using 'UTF-8' encoding to copy filtered resources.
2020-10-06 14:31:50,850 [Worker-57: Launching MaxIntegerTest] INFO  o.e.m.c.i.embedder.EclipseLogger - skip non existing resourceDirectory C:\Users\prashant\Desktop\week1\day11\dummyproject\src\main\resources
2020-10-06 14:31:50,853 [Worker-57: Launching MaxIntegerTest] INFO  o.e.m.c.i.embedder.EclipseLogger - Using 'UTF-8' encoding to copy filtered resources.
2020-10-06 14:31:50,853 [Worker-57: Launching MaxIntegerTest] INFO  o.e.m.c.i.embedder.EclipseLogger - skip non existing resourceDirectory C:\Users\prashant\Desktop\week1\day11\dummyproject\src\test\resources
2020-10-06 14:34:05,069 [Worker-55: Launching MaxFloatTest.maxCheckForFirstPosition] INFO  o.e.m.c.i.embedder.EclipseLogger - Using 'UTF-8' encoding to copy filtered resources.
2020-10-06 14:34:05,070 [Worker-55: Launching MaxFloatTest.maxCheckForFirstPosition] INFO  o.e.m.c.i.embedder.EclipseLogger - skip non existing resourceDirectory C:\Users\prashant\Desktop\week1\day11\dummyproject\src\main\resources
2020-10-06 14:34:05,073 [Worker-55: Launching MaxFloatTest.maxCheckForFirstPosition] INFO  o.e.m.c.i.embedder.EclipseLogger - Using 'UTF-8' encoding to copy filtered resources.
2020-10-06 14:34:05,073 [Worker-55: Launching MaxFloatTest.maxCheckForFirstPosition] INFO  o.e.m.c.i.embedder.EclipseLogger - skip non existing resourceDirectory C:\Users\prashant\Desktop\week1\day11\dummyproject\src\test\resources
2020-10-06 14:48:43,669 [Worker-53: Building] INFO  o.e.m.c.i.embedder.EclipseLogger - Using 'UTF-8' encoding to copy filtered resources.
2020-10-06 14:48:43,669 [Worker-53: Building] INFO  o.e.m.c.i.embedder.EclipseLogger - skip non existing resourceDirectory C:\Users\prashant\Desktop\week1\day11\dummyproject\src\main\resources
2020-10-06 14:48:43,671 [Worker-53: Building] INFO  o.e.m.c.i.embedder.EclipseLogger - Using 'UTF-8' encoding to copy filtered resources.
2020-10-06 14:48:43,671 [Worker-53: Building] INFO  o.e.m.c.i.embedder.EclipseLogger - skip non existing resourceDirectory C:\Users\prashant\Desktop\week1\day11\dummyproject\src\test\resources
2020-10-06 14:48:44,730 [Worker-54: Building] INFO  o.e.m.c.i.embedder.EclipseLogger - Using 'UTF-8' encoding to copy filtered resources.
2020-10-06 14:48:44,731 [Worker-54: Building] INFO  o.e.m.c.i.embedder.EclipseLogger - skip non existing resourceDirectory C:\Users\prashant\Desktop\week1\day11\dummyproject\src\main\resources
2020-10-06 14:48:44,732 [Worker-54: Building] INFO  o.e.m.c.i.embedder.EclipseLogger - Using 'UTF-8' encoding to copy filtered resources.
2020-10-06 14:48:44,733 [Worker-54: Building] INFO  o.e.m.c.i.embedder.EclipseLogger - skip non existing resourceDirectory C:\Users\prashant\Desktop\week1\day11\dummyproject\src\test\resources
2020-10-06 14:48:50,757 [Worker-59: Building] INFO  o.e.m.c.i.embedder.EclipseLogger - Using 'UTF-8' encoding to copy filtered resources.
2020-10-06 14:48:50,758 [Worker-59: Building] INFO  o.e.m.c.i.embedder.EclipseLogger - skip non existing resourceDirectory C:\Users\prashant\Desktop\week1\day11\dummyproject\src\main\resources
2020-10-06 14:48:50,759 [Worker-59: Building] INFO  o.e.m.c.i.embedder.EclipseLogger - Using 'UTF-8' encoding to copy filtered resources.
2020-10-06 14:48:50,759 [Worker-59: Building] INFO  o.e.m.c.i.embedder.EclipseLogger - skip non existing resourceDirectory C:\Users\prashant\Desktop\week1\day11\dummyproject\src\test\resources
2020-10-06 14:49:23,785 [Worker-54: Building] INFO  o.e.m.c.i.embedder.EclipseLogger - Using 'UTF-8' encoding to copy filtered resources.
2020-10-06 14:49:23,786 [Worker-54: Building] INFO  o.e.m.c.i.embedder.EclipseLogger - skip non existing resourceDirectory C:\Users\prashant\Desktop\week1\day11\dummyproject\src\main\resources
2020-10-06 14:49:23,788 [Worker-54: Building] INFO  o.e.m.c.i.embedder.EclipseLogger - Using 'UTF-8' encoding to copy filtered resources.
2020-10-06 14:49:23,788 [Worker-54: Building] INFO  o.e.m.c.i.embedder.EclipseLogger - skip non existing resourceDirectory C:\Users\prashant\Desktop\week1\day11\dummyproject\src\test\resources
2020-10-06 14:49:39,932 [Worker-58: Building] INFO  o.e.m.c.i.embedder.EclipseLogger - Using 'UTF-8' encoding to copy filtered resources.
2020-10-06 14:49:39,933 [Worker-58: Building] INFO  o.e.m.c.i.embedder.EclipseLogger - skip non existing resourceDirectory C:\Users\prashant\Desktop\week1\day11\dummyproject\src\main\resources
2020-10-06 14:49:39,934 [Worker-58: Building] INFO  o.e.m.c.i.embedder.EclipseLogger - Using 'UTF-8' encoding to copy filtered resources.
2020-10-06 14:49:39,935 [Worker-58: Building] INFO  o.e.m.c.i.embedder.EclipseLogger - skip non existing resourceDirectory C:\Users\prashant\Desktop\week1\day11\dummyproject\src\test\resources
2020-10-06 14:49:42,353 [Worker-59: Building] INFO  o.e.m.c.i.embedder.EclipseLogger - Using 'UTF-8' encoding to copy filtered resources.
2020-10-06 14:49:42,353 [Worker-59: Building] INFO  o.e.m.c.i.embedder.EclipseLogger - skip non existing resourceDirectory C:\Users\prashant\Desktop\week1\day11\dummyproject\src\main\resources
2020-10-06 14:49:42,355 [Worker-59: Building] INFO  o.e.m.c.i.embedder.EclipseLogger - Using 'UTF-8' encoding to copy filtered resources.
2020-10-06 14:49:42,355 [Worker-59: Building] INFO  o.e.m.c.i.embedder.EclipseLogger - skip non existing resourceDirectory C:\Users\prashant\Desktop\week1\day11\dummyproject\src\test\resources
2020-10-06 14:49:43,449 [Worker-54: Building] INFO  o.e.m.c.i.embedder.EclipseLogger - Using 'UTF-8' encoding to copy filtered resources.
2020-10-06 14:49:43,450 [Worker-54: Building] INFO  o.e.m.c.i.embedder.EclipseLogger - skip non existing resourceDirectory C:\Users\prashant\Desktop\week1\day11\dummyproject\src\main\resources
2020-10-06 14:49:43,451 [Worker-54: Building] INFO  o.e.m.c.i.embedder.EclipseLogger - Using 'UTF-8' encoding to copy filtered resources.
2020-10-06 14:49:43,451 [Worker-54: Building] INFO  o.e.m.c.i.embedder.EclipseLogger - skip non existing resourceDirectory C:\Users\prashant\Desktop\week1\day11\dummyproject\src\test\resources
2020-10-06 14:50:05,263 [Worker-53: Building] INFO  o.e.m.c.i.embedder.EclipseLogger - Using 'UTF-8' encoding to copy filtered resources.
2020-10-06 14:50:05,264 [Worker-53: Building] INFO  o.e.m.c.i.embedder.EclipseLogger - skip non existing resourceDirectory C:\Users\prashant\Desktop\week1\day11\dummyproject\src\main\resources
2020-10-06 14:50:05,267 [Worker-53: Building] INFO  o.e.m.c.i.embedder.EclipseLogger - Using 'UTF-8' encoding to copy filtered resources.
2020-10-06 14:50:05,267 [Worker-53: Building] INFO  o.e.m.c.i.embedder.EclipseLogger - skip non existing resourceDirectory C:\Users\prashant\Desktop\week1\day11\dummyproject\src\test\resources
2020-10-06 14:51:45,771 [Worker-58: Building] INFO  o.e.m.c.i.embedder.EclipseLogger - Using 'UTF-8' encoding to copy filtered resources.
2020-10-06 14:51:45,772 [Worker-58: Building] INFO  o.e.m.c.i.embedder.EclipseLogger - skip non existing resourceDirectory C:\Users\prashant\Desktop\week1\day11\dummyproject\src\main\resources
2020-10-06 14:51:45,773 [Worker-58: Building] INFO  o.e.m.c.i.embedder.EclipseLogger - Using 'UTF-8' encoding to copy filtered resources.
2020-10-06 14:51:45,773 [Worker-58: Building] INFO  o.e.m.c.i.embedder.EclipseLogger - skip non existing resourceDirectory C:\Users\prashant\Desktop\week1\day11\dummyproject\src\test\resources
2020-10-06 14:56:08,623 [Worker-53: Launching MaxStringTest] INFO  o.e.m.c.i.embedder.EclipseLogger - Using 'UTF-8' encoding to copy filtered resources.
2020-10-06 14:56:08,623 [Worker-53: Launching MaxStringTest] INFO  o.e.m.c.i.embedder.EclipseLogger - skip non existing resourceDirectory C:\Users\prashant\Desktop\week1\day11\dummyproject\src\main\resources
2020-10-06 14:56:08,626 [Worker-53: Launching MaxStringTest] INFO  o.e.m.c.i.embedder.EclipseLogger - Using 'UTF-8' encoding to copy filtered resources.
2020-10-06 14:56:08,626 [Worker-53: Launching MaxStringTest] INFO  o.e.m.c.i.embedder.EclipseLogger - skip non existing resourceDirectory C:\Users\prashant\Desktop\week1\day11\dummyproject\src\test\resources
2020-10-06 14:56:43,589 [Worker-61: Launching MaxStringTest] INFO  o.e.m.c.i.embedder.EclipseLogger - Using 'UTF-8' encoding to copy filtered resources.
2020-10-06 14:56:43,589 [Worker-61: Launching MaxStringTest] INFO  o.e.m.c.i.embedder.EclipseLogger - skip non existing resourceDirectory C:\Users\prashant\Desktop\week1\day11\dummyproject\src\main\resources
2020-10-06 14:56:43,591 [Worker-61: Launching MaxStringTest] INFO  o.e.m.c.i.embedder.EclipseLogger - Using 'UTF-8' encoding to copy filtered resources.
2020-10-06 14:56:43,591 [Worker-61: Launching MaxStringTest] INFO  o.e.m.c.i.embedder.EclipseLogger - skip non existing resourceDirectory C:\Users\prashant\Desktop\week1\day11\dummyproject\src\test\resources
2020-10-06 14:56:51,279 [Worker-54: Launching MaxStringTest] INFO  o.e.m.c.i.embedder.EclipseLogger - Using 'UTF-8' encoding to copy filtered resources.
2020-10-06 14:56:51,280 [Worker-54: Launching MaxStringTest] INFO  o.e.m.c.i.embedder.EclipseLogger - skip non existing resourceDirectory C:\Users\prashant\Desktop\week1\day11\dummyproject\src\main\resources
2020-10-06 14:56:51,282 [Worker-54: Launching MaxStringTest] INFO  o.e.m.c.i.embedder.EclipseLogger - Using 'UTF-8' encoding to copy filtered resources.
2020-10-06 14:56:51,283 [Worker-54: Launching MaxStringTest] INFO  o.e.m.c.i.embedder.EclipseLogger - skip non existing resourceDirectory C:\Users\prashant\Desktop\week1\day11\dummyproject\src\test\resources
2020-10-06 14:59:34,623 [Worker-61: Building] INFO  o.e.m.c.i.embedder.EclipseLogger - Using 'UTF-8' encoding to copy filtered resources.
2020-10-06 14:59:34,624 [Worker-61: Building] INFO  o.e.m.c.i.embedder.EclipseLogger - skip non existing resourceDirectory C:\Users\prashant\Desktop\week1\day11\dummyproject\src\main\resources
2020-10-06 14:59:34,627 [Worker-61: Building] INFO  o.e.m.c.i.embedder.EclipseLogger - Using 'UTF-8' encoding to copy filtered resources.
2020-10-06 14:59:34,628 [Worker-61: Building] INFO  o.e.m.c.i.embedder.EclipseLogger - skip non existing resourceDirectory C:\Users\prashant\Desktop\week1\day11\dummyproject\src\test\resources
2020-10-06 14:59:59,611 [Worker-59: Launching MaxStringTest] INFO  o.e.m.c.i.embedder.EclipseLogger - Using 'UTF-8' encoding to copy filtered resources.
2020-10-06 14:59:59,612 [Worker-59: Launching MaxStringTest] INFO  o.e.m.c.i.embedder.EclipseLogger - skip non existing resourceDirectory C:\Users\prashant\Desktop\week1\day11\dummyproject\src\main\resources
2020-10-06 14:59:59,617 [Worker-59: Launching MaxStringTest] INFO  o.e.m.c.i.embedder.EclipseLogger - Using 'UTF-8' encoding to copy filtered resources.
2020-10-06 14:59:59,617 [Worker-59: Launching MaxStringTest] INFO  o.e.m.c.i.embedder.EclipseLogger - skip non existing resourceDirectory C:\Users\prashant\Desktop\week1\day11\dummyproject\src\test\resources
2020-10-06 15:00:33,819 [Worker-63: Launching MaxStringTest] INFO  o.e.m.c.i.embedder.EclipseLogger - Using 'UTF-8' encoding to copy filtered resources.
2020-10-06 15:00:33,819 [Worker-63: Launching MaxStringTest] INFO  o.e.m.c.i.embedder.EclipseLogger - skip non existing resourceDirectory C:\Users\prashant\Desktop\week1\day11\dummyproject\src\main\resources
2020-10-06 15:00:33,821 [Worker-63: Launching MaxStringTest] INFO  o.e.m.c.i.embedder.EclipseLogger - Using 'UTF-8' encoding to copy filtered resources.
2020-10-06 15:00:33,821 [Worker-63: Launching MaxStringTest] INFO  o.e.m.c.i.embedder.EclipseLogger - skip non existing resourceDirectory C:\Users\prashant\Desktop\week1\day11\dummyproject\src\test\resources
2020-10-06 15:01:38,272 [Worker-65: Launching MaxStringTest] INFO  o.e.m.c.i.embedder.EclipseLogger - Using 'UTF-8' encoding to copy filtered resources.
2020-10-06 15:01:38,272 [Worker-65: Launching MaxStringTest] INFO  o.e.m.c.i.embedder.EclipseLogger - skip non existing resourceDirectory C:\Users\prashant\Desktop\week1\day11\dummyproject\src\main\resources
2020-10-06 15:01:38,274 [Worker-65: Launching MaxStringTest] INFO  o.e.m.c.i.embedder.EclipseLogger - Using 'UTF-8' encoding to copy filtered resources.
2020-10-06 15:01:38,274 [Worker-65: Launching MaxStringTest] INFO  o.e.m.c.i.embedder.EclipseLogger - skip non existing resourceDirectory C:\Users\prashant\Desktop\week1\day11\dummyproject\src\test\resources
2020-10-06 15:01:47,923 [Worker-66: Launching MaxStringTest] INFO  o.e.m.c.i.embedder.EclipseLogger - Using 'UTF-8' encoding to copy filtered resources.
2020-10-06 15:01:47,924 [Worker-66: Launching MaxStringTest] INFO  o.e.m.c.i.embedder.EclipseLogger - skip non existing resourceDirectory C:\Users\prashant\Desktop\week1\day11\dummyproject\src\main\resources
2020-10-06 15:01:47,925 [Worker-66: Launching MaxStringTest] INFO  o.e.m.c.i.embedder.EclipseLogger - Using 'UTF-8' encoding to copy filtered resources.
2020-10-06 15:01:47,926 [Worker-66: Launching MaxStringTest] INFO  o.e.m.c.i.embedder.EclipseLogger - skip non existing resourceDirectory C:\Users\prashant\Desktop\week1\day11\dummyproject\src\test\resources
2020-10-06 15:20:42,066 [Worker-64: Building] INFO  o.e.m.c.i.embedder.EclipseLogger - Using 'UTF-8' encoding to copy filtered resources.
2020-10-06 15:20:42,067 [Worker-64: Building] INFO  o.e.m.c.i.embedder.EclipseLogger - skip non existing resourceDirectory C:\Users\prashant\Desktop\week1\day11\dummyproject\src\main\resources
2020-10-06 15:20:42,071 [Worker-64: Building] INFO  o.e.m.c.i.embedder.EclipseLogger - Using 'UTF-8' encoding to copy filtered resources.
2020-10-06 15:20:42,072 [Worker-64: Building] INFO  o.e.m.c.i.embedder.EclipseLogger - skip non existing resourceDirectory C:\Users\prashant\Desktop\week1\day11\dummyproject\src\test\resources
2020-10-06 15:20:43,123 [Worker-61: Building] INFO  o.e.m.c.i.embedder.EclipseLogger - Using 'UTF-8' encoding to copy filtered resources.
2020-10-06 15:20:43,123 [Worker-61: Building] INFO  o.e.m.c.i.embedder.EclipseLogger - skip non existing resourceDirectory C:\Users\prashant\Desktop\week1\day11\dummyproject\src\main\resources
2020-10-06 15:20:43,125 [Worker-61: Building] INFO  o.e.m.c.i.embedder.EclipseLogger - Using 'UTF-8' encoding to copy filtered resources.
2020-10-06 15:20:43,125 [Worker-61: Building] INFO  o.e.m.c.i.embedder.EclipseLogger - skip non existing resourceDirectory C:\Users\prashant\Desktop\week1\day11\dummyproject\src\test\resources
2020-10-06 15:22:21,496 [Worker-61: Building] INFO  o.e.m.c.i.embedder.EclipseLogger - Using 'UTF-8' encoding to copy filtered resources.
2020-10-06 15:22:21,497 [Worker-61: Building] INFO  o.e.m.c.i.embedder.EclipseLogger - skip non existing resourceDirectory C:\Users\prashant\Desktop\week1\day11\dummyproject\src\main\resources
2020-10-06 15:22:21,498 [Worker-61: Building] INFO  o.e.m.c.i.embedder.EclipseLogger - Using 'UTF-8' encoding to copy filtered resources.
2020-10-06 15:22:21,499 [Worker-61: Building] INFO  o.e.m.c.i.embedder.EclipseLogger - skip non existing resourceDirectory C:\Users\prashant\Desktop\week1\day11\dummyproject\src\test\resources
2020-10-06 15:23:21,842 [Worker-3: Loading available Gradle versions] INFO  o.e.b.c.i.u.g.PublishedGradleVersions - Gradle version information cache is up-to-date. Trying to read.
2020-10-06 15:27:29,261 [Worker-5: Building] INFO  o.e.m.c.i.embedder.EclipseLogger - Using 'UTF-8' encoding to copy filtered resources.
2020-10-06 15:27:29,262 [Worker-5: Building] INFO  o.e.m.c.i.embedder.EclipseLogger - skip non existing resourceDirectory C:\Users\prashant\Desktop\week1\day11\dummyproject\src\main\resources
2020-10-06 15:27:29,265 [Worker-5: Building] INFO  o.e.m.c.i.embedder.EclipseLogger - Using 'UTF-8' encoding to copy filtered resources.
2020-10-06 15:27:29,265 [Worker-5: Building] INFO  o.e.m.c.i.embedder.EclipseLogger - skip non existing resourceDirectory C:\Users\prashant\Desktop\week1\day11\dummyproject\src\test\resources
2020-10-06 15:30:07,689 [Worker-6: Launching PrintMyArray] INFO  o.e.m.c.i.embedder.EclipseLogger - Using 'UTF-8' encoding to copy filtered resources.
2020-10-06 15:30:07,690 [Worker-6: Launching PrintMyArray] INFO  o.e.m.c.i.embedder.EclipseLogger - skip non existing resourceDirectory C:\Users\prashant\Desktop\week1\day11\dummyproject\src\main\resources
2020-10-06 15:30:07,694 [Worker-6: Launching PrintMyArray] INFO  o.e.m.c.i.embedder.EclipseLogger - Using 'UTF-8' encoding to copy filtered resources.
2020-10-06 15:30:07,695 [Worker-6: Launching PrintMyArray] INFO  o.e.m.c.i.embedder.EclipseLogger - skip non existing resourceDirectory C:\Users\prashant\Desktop\week1\day11\dummyproject\src\test\resources
2020-10-06 15:32:08,190 [Worker-6: Launching PrintMyArray] INFO  o.e.m.c.i.embedder.EclipseLogger - Using 'UTF-8' encoding to copy filtered resources.
2020-10-06 15:32:08,190 [Worker-6: Launching PrintMyArray] INFO  o.e.m.c.i.embedder.EclipseLogger - skip non existing resourceDirectory C:\Users\prashant\Desktop\week1\day11\dummyproject\src\main\resources
2020-10-06 15:32:08,193 [Worker-6: Launching PrintMyArray] INFO  o.e.m.c.i.embedder.EclipseLogger - Using 'UTF-8' encoding to copy filtered resources.
2020-10-06 15:32:08,194 [Worker-6: Launching PrintMyArray] INFO  o.e.m.c.i.embedder.EclipseLogger - skip non existing resourceDirectory C:\Users\prashant\Desktop\week1\day11\dummyproject\src\test\resources
2020-10-06 15:35:00,057 [Worker-6: Launching MaxFloatTest] INFO  o.e.m.c.i.embedder.EclipseLogger - Using 'UTF-8' encoding to copy filtered resources.
2020-10-06 15:35:00,058 [Worker-6: Launching MaxFloatTest] INFO  o.e.m.c.i.embedder.EclipseLogger - skip non existing resourceDirectory C:\Users\prashant\Desktop\week1\day11\dummyproject\src\main\resources
2020-10-06 15:35:00,060 [Worker-6: Launching MaxFloatTest] INFO  o.e.m.c.i.embedder.EclipseLogger - Using 'UTF-8' encoding to copy filtered resources.
2020-10-06 15:35:00,061 [Worker-6: Launching MaxFloatTest] INFO  o.e.m.c.i.embedder.EclipseLogger - skip non existing resourceDirectory C:\Users\prashant\Desktop\week1\day11\dummyproject\src\test\resources
2020-10-06 15:35:58,995 [Worker-2: Launching MaxFloatTest] INFO  o.e.m.c.i.embedder.EclipseLogger - Using 'UTF-8' encoding to copy filtered resources.
2020-10-06 15:35:58,995 [Worker-2: Launching MaxFloatTest] INFO  o.e.m.c.i.embedder.EclipseLogger - skip non existing resourceDirectory C:\Users\prashant\Desktop\week1\day11\dummyproject\src\main\resources
2020-10-06 15:35:58,998 [Worker-2: Launching MaxFloatTest] INFO  o.e.m.c.i.embedder.EclipseLogger - Using 'UTF-8' encoding to copy filtered resources.
2020-10-06 15:35:58,998 [Worker-2: Launching MaxFloatTest] INFO  o.e.m.c.i.embedder.EclipseLogger - skip non existing resourceDirectory C:\Users\prashant\Desktop\week1\day11\dummyproject\src\test\resources
2020-10-06 15:37:46,478 [Worker-6: Launching MaxFloatTest] INFO  o.e.m.c.i.embedder.EclipseLogger - Using 'UTF-8' encoding to copy filtered resources.
2020-10-06 15:37:46,478 [Worker-6: Launching MaxFloatTest] INFO  o.e.m.c.i.embedder.EclipseLogger - skip non existing resourceDirectory C:\Users\prashant\Desktop\week1\day11\dummyproject\src\main\resources
2020-10-06 15:37:46,480 [Worker-6: Launching MaxFloatTest] INFO  o.e.m.c.i.embedder.EclipseLogger - Using 'UTF-8' encoding to copy filtered resources.
2020-10-06 15:37:46,481 [Worker-6: Launching MaxFloatTest] INFO  o.e.m.c.i.embedder.EclipseLogger - skip non existing resourceDirectory C:\Users\prashant\Desktop\week1\day11\dummyproject\src\test\resources
2020-10-06 15:45:38,221 [Worker-3: Building] INFO  o.e.m.c.i.embedder.EclipseLogger - Using 'UTF-8' encoding to copy filtered resources.
2020-10-06 15:45:38,221 [Worker-3: Building] INFO  o.e.m.c.i.embedder.EclipseLogger - skip non existing resourceDirectory C:\Users\prashant\Desktop\week1\day11\dummyproject\src\main\resources
2020-10-06 15:45:38,224 [Worker-3: Building] INFO  o.e.m.c.i.embedder.EclipseLogger - Using 'UTF-8' encoding to copy filtered resources.
2020-10-06 15:45:38,225 [Worker-3: Building] INFO  o.e.m.c.i.embedder.EclipseLogger - skip non existing resourceDirectory C:\Users\prashant\Desktop\week1\day11\dummyproject\src\test\resources
2020-10-06 15:46:31,565 [Worker-17: Building] INFO  o.e.m.c.i.embedder.EclipseLogger - Using 'UTF-8' encoding to copy filtered resources.
2020-10-06 15:46:31,566 [Worker-17: Building] INFO  o.e.m.c.i.embedder.EclipseLogger - skip non existing resourceDirectory C:\Users\prashant\Desktop\week1\day11\dummyproject\src\main\resources
2020-10-06 15:46:31,569 [Worker-17: Building] INFO  o.e.m.c.i.embedder.EclipseLogger - Using 'UTF-8' encoding to copy filtered resources.
2020-10-06 15:46:31,569 [Worker-17: Building] INFO  o.e.m.c.i.embedder.EclipseLogger - skip non existing resourceDirectory C:\Users\prashant\Desktop\week1\day11\dummyproject\src\test\resources
2020-10-06 15:47:44,132 [Worker-14: Launching MaxGenericClassTest] INFO  o.e.m.c.i.embedder.EclipseLogger - Using 'UTF-8' encoding to copy filtered resources.
2020-10-06 15:47:44,133 [Worker-14: Launching MaxGenericClassTest] INFO  o.e.m.c.i.embedder.EclipseLogger - skip non existing resourceDirectory C:\Users\prashant\Desktop\week1\day11\dummyproject\src\main\resources
2020-10-06 15:47:44,135 [Worker-14: Launching MaxGenericClassTest] INFO  o.e.m.c.i.embedder.EclipseLogger - Using 'UTF-8' encoding to copy filtered resources.
2020-10-06 15:47:44,136 [Worker-14: Launching MaxGenericClassTest] INFO  o.e.m.c.i.embedder.EclipseLogger - skip non existing resourceDirectory C:\Users\prashant\Desktop\week1\day11\dummyproject\src\test\resources
2020-10-06 15:48:02,888 [Worker-16: Building] INFO  o.e.m.c.i.embedder.EclipseLogger - Using 'UTF-8' encoding to copy filtered resources.
2020-10-06 15:48:02,888 [Worker-16: Building] INFO  o.e.m.c.i.embedder.EclipseLogger - skip non existing resourceDirectory C:\Users\prashant\Desktop\week1\day11\dummyproject\src\main\resources
2020-10-06 15:48:02,890 [Worker-16: Building] INFO  o.e.m.c.i.embedder.EclipseLogger - Using 'UTF-8' encoding to copy filtered resources.
2020-10-06 15:48:02,890 [Worker-16: Building] INFO  o.e.m.c.i.embedder.EclipseLogger - skip non existing resourceDirectory C:\Users\prashant\Desktop\week1\day11\dummyproject\src\test\resources
2020-10-06 15:50:59,492 [Worker-17: Launching MaxGenericClassTest] INFO  o.e.m.c.i.embedder.EclipseLogger - Using 'UTF-8' encoding to copy filtered resources.
2020-10-06 15:50:59,493 [Worker-17: Launching MaxGenericClassTest] INFO  o.e.m.c.i.embedder.EclipseLogger - skip non existing resourceDirectory C:\Users\prashant\Desktop\week1\day11\dummyproject\src\main\resources
2020-10-06 15:50:59,496 [Worker-17: Launching MaxGenericClassTest] INFO  o.e.m.c.i.embedder.EclipseLogger - Using 'UTF-8' encoding to copy filtered resources.
2020-10-06 15:50:59,496 [Worker-17: Launching MaxGenericClassTest] INFO  o.e.m.c.i.embedder.EclipseLogger - skip non existing resourceDirectory C:\Users\prashant\Desktop\week1\day11\dummyproject\src\test\resources
2020-10-06 15:55:16,575 [Worker-16: Launching MaxGenericClassTest] INFO  o.e.m.c.i.embedder.EclipseLogger - Using 'UTF-8' encoding to copy filtered resources.
2020-10-06 15:55:16,575 [Worker-16: Launching MaxGenericClassTest] INFO  o.e.m.c.i.embedder.EclipseLogger - skip non existing resourceDirectory C:\Users\prashant\Desktop\week1\day11\dummyproject\src\main\resources
2020-10-06 15:55:16,578 [Worker-16: Launching MaxGenericClassTest] INFO  o.e.m.c.i.embedder.EclipseLogger - Using 'UTF-8' encoding to copy filtered resources.
2020-10-06 15:55:16,579 [Worker-16: Launching MaxGenericClassTest] INFO  o.e.m.c.i.embedder.EclipseLogger - skip non existing resourceDirectory C:\Users\prashant\Desktop\week1\day11\dummyproject\src\test\resources
